2024-09-14 14:26:15 - sqlalchemy.engine.Engine - INFO - SELECT DATABASE()
2024-09-14 14:26:15 - sqlalchemy.engine.Engine - INFO - [raw sql] {}
2024-09-14 14:26:16 - sqlalchemy.engine.Engine - INFO - SELECT @@sql_mode
2024-09-14 14:26:16 - sqlalchemy.engine.Engine - INFO - [raw sql] {}
2024-09-14 14:26:16 - sqlalchemy.engine.Engine - INFO - SELECT @@lower_case_table_names
2024-09-14 14:26:16 - sqlalchemy.engine.Engine - INFO - [raw sql] {}
2024-09-14 14:26:16 - sqlalchemy.engine.Engine - INFO - BEGIN (implicit)
2024-09-14 14:26:16 - sqlalchemy.engine.Engine - INFO - DESCRIBE `mategen`.`agents`
2024-09-14 14:26:16 - sqlalchemy.engine.Engine - INFO - [raw sql] {}
2024-09-14 14:26:16 - sqlalchemy.engine.Engine - INFO - DESCRIBE `mategen`.`threads`
2024-09-14 14:26:16 - sqlalchemy.engine.Engine - INFO - [raw sql] {}
2024-09-14 14:26:16 - sqlalchemy.engine.Engine - INFO - DESCRIBE `mategen`.`knowledge_bases`
2024-09-14 14:26:16 - sqlalchemy.engine.Engine - INFO - [raw sql] {}
2024-09-14 14:26:16 - sqlalchemy.engine.Engine - INFO - DESCRIBE `mategen`.`file_info`
2024-09-14 14:26:16 - sqlalchemy.engine.Engine - INFO - [raw sql] {}
2024-09-14 14:26:16 - sqlalchemy.engine.Engine - INFO - DESCRIBE `mategen`.`db_configs`
2024-09-14 14:26:16 - sqlalchemy.engine.Engine - INFO - [raw sql] {}
2024-09-14 14:26:16 - sqlalchemy.engine.Engine - INFO - DESCRIBE `mategen`.`messages`
2024-09-14 14:26:16 - sqlalchemy.engine.Engine - INFO - [raw sql] {}
2024-09-14 14:26:16 - sqlalchemy.engine.Engine - INFO - COMMIT
2024-09-14 14:26:16 - sqlalchemy.engine.Engine - INFO - BEGIN (implicit)
2024-09-14 14:26:16 - sqlalchemy.engine.Engine - INFO - ALTER DATABASE mategen CHARACTER SET = utf8mb4 COLLATE = utf8mb4_unicode_ci
2024-09-14 14:26:16 - sqlalchemy.engine.Engine - INFO - [generated in 0.00009s] {}
2024-09-14 14:26:16 - sqlalchemy.engine.Engine - INFO - COMMIT
2024-09-14 14:26:16 - sqlalchemy.engine.Engine - INFO - BEGIN (implicit)
2024-09-14 14:26:16 - sqlalchemy.engine.Engine - INFO - DESCRIBE `mategen`.`threads`
2024-09-14 14:26:16 - sqlalchemy.engine.Engine - INFO - [raw sql] {}
2024-09-14 14:26:16 - sqlalchemy.engine.Engine - INFO - ROLLBACK
2024-09-14 14:26:16 - sqlalchemy.engine.Engine - INFO - BEGIN (implicit)
2024-09-14 14:26:16 - sqlalchemy.engine.Engine - INFO - ALTER TABLE threads DROP FOREIGN KEY threads_ibfk_1
2024-09-14 14:26:16 - sqlalchemy.engine.Engine - INFO - [generated in 0.00013s] {}
2024-09-14 14:26:16 - sqlalchemy.engine.Engine - INFO - COMMIT
2024-09-14 14:26:16 - sqlalchemy.engine.Engine - INFO - BEGIN (implicit)
2024-09-14 14:26:16 - sqlalchemy.engine.Engine - INFO - DESCRIBE `mategen`.`messages`
2024-09-14 14:26:16 - sqlalchemy.engine.Engine - INFO - [raw sql] {}
2024-09-14 14:26:16 - sqlalchemy.engine.Engine - INFO - ROLLBACK
2024-09-14 14:26:16 - sqlalchemy.engine.Engine - INFO - BEGIN (implicit)
2024-09-14 14:26:16 - sqlalchemy.engine.Engine - INFO - ALTER TABLE messages DROP FOREIGN KEY messages_ibfk_1
2024-09-14 14:26:16 - sqlalchemy.engine.Engine - INFO - [generated in 0.00008s] {}
2024-09-14 14:26:16 - sqlalchemy.engine.Engine - INFO - COMMIT
2024-09-14 14:26:16 - sqlalchemy.engine.Engine - INFO - BEGIN (implicit)
2024-09-14 14:26:16 - sqlalchemy.engine.Engine - INFO - ALTER TABLE threads CONVERT TO CHARACTER SET utf8mb4 COLLATE utf8mb4_unicode_ci
2024-09-14 14:26:16 - sqlalchemy.engine.Engine - INFO - [generated in 0.00011s] {}
2024-09-14 14:26:16 - sqlalchemy.engine.Engine - INFO - COMMIT
2024-09-14 14:26:16 - sqlalchemy.engine.Engine - INFO - BEGIN (implicit)
2024-09-14 14:26:16 - sqlalchemy.engine.Engine - INFO - DESCRIBE `mategen`.`agents`
2024-09-14 14:26:16 - sqlalchemy.engine.Engine - INFO - [raw sql] {}
2024-09-14 14:26:16 - sqlalchemy.engine.Engine - INFO - ROLLBACK
2024-09-14 14:26:16 - sqlalchemy.engine.Engine - INFO - BEGIN (implicit)
2024-09-14 14:26:16 - sqlalchemy.engine.Engine - INFO - ALTER TABLE agents CONVERT TO CHARACTER SET utf8mb4 COLLATE utf8mb4_unicode_ci
2024-09-14 14:26:16 - sqlalchemy.engine.Engine - INFO - [generated in 0.00008s] {}
2024-09-14 14:26:16 - sqlalchemy.engine.Engine - INFO - COMMIT
2024-09-14 14:26:16 - sqlalchemy.engine.Engine - INFO - BEGIN (implicit)
2024-09-14 14:26:16 - sqlalchemy.engine.Engine - INFO - DESCRIBE `mategen`.`knowledge_bases`
2024-09-14 14:26:16 - sqlalchemy.engine.Engine - INFO - [raw sql] {}
2024-09-14 14:26:16 - sqlalchemy.engine.Engine - INFO - ROLLBACK
2024-09-14 14:26:16 - sqlalchemy.engine.Engine - INFO - BEGIN (implicit)
2024-09-14 14:26:16 - sqlalchemy.engine.Engine - INFO - ALTER TABLE knowledge_bases CONVERT TO CHARACTER SET utf8mb4 COLLATE utf8mb4_unicode_ci
2024-09-14 14:26:16 - sqlalchemy.engine.Engine - INFO - [generated in 0.00008s] {}
2024-09-14 14:26:16 - sqlalchemy.engine.Engine - INFO - COMMIT
2024-09-14 14:26:16 - sqlalchemy.engine.Engine - INFO - BEGIN (implicit)
2024-09-14 14:26:16 - sqlalchemy.engine.Engine - INFO - DESCRIBE `mategen`.`db_configs`
2024-09-14 14:26:16 - sqlalchemy.engine.Engine - INFO - [raw sql] {}
2024-09-14 14:26:16 - sqlalchemy.engine.Engine - INFO - ROLLBACK
2024-09-14 14:26:16 - sqlalchemy.engine.Engine - INFO - BEGIN (implicit)
2024-09-14 14:26:16 - sqlalchemy.engine.Engine - INFO - ALTER TABLE db_configs CONVERT TO CHARACTER SET utf8mb4 COLLATE utf8mb4_unicode_ci
2024-09-14 14:26:16 - sqlalchemy.engine.Engine - INFO - [generated in 0.00012s] {}
2024-09-14 14:26:16 - sqlalchemy.engine.Engine - INFO - COMMIT
2024-09-14 14:26:16 - sqlalchemy.engine.Engine - INFO - BEGIN (implicit)
2024-09-14 14:26:16 - sqlalchemy.engine.Engine - INFO - ALTER TABLE messages CONVERT TO CHARACTER SET utf8mb4 COLLATE utf8mb4_unicode_ci
2024-09-14 14:26:16 - sqlalchemy.engine.Engine - INFO - [generated in 0.00008s] {}
2024-09-14 14:26:16 - sqlalchemy.engine.Engine - INFO - COMMIT
2024-09-14 14:26:16 - sqlalchemy.engine.Engine - INFO - BEGIN (implicit)
2024-09-14 14:26:16 - sqlalchemy.engine.Engine - INFO - ALTER TABLE threads ADD CONSTRAINT threads_ibfk_1 FOREIGN KEY (agent_id) REFERENCES agents(id)
2024-09-14 14:26:16 - sqlalchemy.engine.Engine - INFO - [generated in 0.00013s] {}
2024-09-14 14:26:16 - sqlalchemy.engine.Engine - INFO - COMMIT
2024-09-14 14:26:16 - sqlalchemy.engine.Engine - INFO - BEGIN (implicit)
2024-09-14 14:26:16 - sqlalchemy.engine.Engine - INFO - ALTER TABLE messages ADD CONSTRAINT messages_ibfk_1 FOREIGN KEY (thread_id) REFERENCES threads(id)
2024-09-14 14:26:16 - sqlalchemy.engine.Engine - INFO - [generated in 0.00008s] {}
2024-09-14 14:26:16 - sqlalchemy.engine.Engine - INFO - COMMIT
2024-09-14 14:26:19 - sqlalchemy.engine.Engine - INFO - SELECT DATABASE()
2024-09-14 14:26:19 - sqlalchemy.engine.Engine - INFO - [raw sql] {}
2024-09-14 14:26:19 - sqlalchemy.engine.Engine - INFO - SELECT @@sql_mode
2024-09-14 14:26:19 - sqlalchemy.engine.Engine - INFO - [raw sql] {}
2024-09-14 14:26:19 - sqlalchemy.engine.Engine - INFO - SELECT @@lower_case_table_names
2024-09-14 14:26:19 - sqlalchemy.engine.Engine - INFO - [raw sql] {}
2024-09-14 14:26:19 - sqlalchemy.engine.Engine - INFO - BEGIN (implicit)
2024-09-14 14:26:19 - sqlalchemy.engine.Engine - INFO - SELECT db_configs.id AS db_configs_id, db_configs.database_name AS db_configs_database_name 
FROM db_configs ORDER BY db_configs.created_at DESC
2024-09-14 14:26:19 - sqlalchemy.engine.Engine - INFO - [generated in 0.00014s] {}
2024-09-14 14:26:19 - sqlalchemy.engine.Engine - INFO - ROLLBACK
2024-09-14 14:26:38 - sqlalchemy.engine.Engine - INFO - SELECT DATABASE()
2024-09-14 14:26:38 - sqlalchemy.engine.Engine - INFO - [raw sql] {}
2024-09-14 14:26:38 - sqlalchemy.engine.Engine - INFO - SELECT @@sql_mode
2024-09-14 14:26:38 - sqlalchemy.engine.Engine - INFO - [raw sql] {}
2024-09-14 14:26:38 - sqlalchemy.engine.Engine - INFO - SELECT @@lower_case_table_names
2024-09-14 14:26:38 - sqlalchemy.engine.Engine - INFO - [raw sql] {}
2024-09-14 14:26:38 - sqlalchemy.engine.Engine - INFO - BEGIN (implicit)
2024-09-14 14:26:38 - sqlalchemy.engine.Engine - INFO - DESCRIBE `mategen`.`agents`
2024-09-14 14:26:38 - sqlalchemy.engine.Engine - INFO - [raw sql] {}
2024-09-14 14:26:38 - sqlalchemy.engine.Engine - INFO - DESCRIBE `mategen`.`threads`
2024-09-14 14:26:38 - sqlalchemy.engine.Engine - INFO - [raw sql] {}
2024-09-14 14:26:38 - sqlalchemy.engine.Engine - INFO - DESCRIBE `mategen`.`knowledge_bases`
2024-09-14 14:26:38 - sqlalchemy.engine.Engine - INFO - [raw sql] {}
2024-09-14 14:26:38 - sqlalchemy.engine.Engine - INFO - DESCRIBE `mategen`.`file_info`
2024-09-14 14:26:38 - sqlalchemy.engine.Engine - INFO - [raw sql] {}
2024-09-14 14:26:38 - sqlalchemy.engine.Engine - INFO - DESCRIBE `mategen`.`db_configs`
2024-09-14 14:26:38 - sqlalchemy.engine.Engine - INFO - [raw sql] {}
2024-09-14 14:26:38 - sqlalchemy.engine.Engine - INFO - DESCRIBE `mategen`.`messages`
2024-09-14 14:26:38 - sqlalchemy.engine.Engine - INFO - [raw sql] {}
2024-09-14 14:26:38 - sqlalchemy.engine.Engine - INFO - COMMIT
2024-09-14 14:26:38 - sqlalchemy.engine.Engine - INFO - BEGIN (implicit)
2024-09-14 14:26:38 - sqlalchemy.engine.Engine - INFO - ALTER DATABASE mategen CHARACTER SET = utf8mb4 COLLATE = utf8mb4_unicode_ci
2024-09-14 14:26:38 - sqlalchemy.engine.Engine - INFO - [generated in 0.00016s] {}
2024-09-14 14:26:38 - sqlalchemy.engine.Engine - INFO - COMMIT
2024-09-14 14:26:38 - sqlalchemy.engine.Engine - INFO - BEGIN (implicit)
2024-09-14 14:26:38 - sqlalchemy.engine.Engine - INFO - DESCRIBE `mategen`.`threads`
2024-09-14 14:26:38 - sqlalchemy.engine.Engine - INFO - [raw sql] {}
2024-09-14 14:26:38 - sqlalchemy.engine.Engine - INFO - ROLLBACK
2024-09-14 14:26:38 - sqlalchemy.engine.Engine - INFO - BEGIN (implicit)
2024-09-14 14:26:38 - sqlalchemy.engine.Engine - INFO - ALTER TABLE threads DROP FOREIGN KEY threads_ibfk_1
2024-09-14 14:26:38 - sqlalchemy.engine.Engine - INFO - [generated in 0.00011s] {}
2024-09-14 14:26:38 - sqlalchemy.engine.Engine - INFO - COMMIT
2024-09-14 14:26:38 - sqlalchemy.engine.Engine - INFO - BEGIN (implicit)
2024-09-14 14:26:38 - sqlalchemy.engine.Engine - INFO - DESCRIBE `mategen`.`messages`
2024-09-14 14:26:38 - sqlalchemy.engine.Engine - INFO - [raw sql] {}
2024-09-14 14:26:38 - sqlalchemy.engine.Engine - INFO - ROLLBACK
2024-09-14 14:26:38 - sqlalchemy.engine.Engine - INFO - BEGIN (implicit)
2024-09-14 14:26:38 - sqlalchemy.engine.Engine - INFO - ALTER TABLE messages DROP FOREIGN KEY messages_ibfk_1
2024-09-14 14:26:38 - sqlalchemy.engine.Engine - INFO - [generated in 0.00009s] {}
2024-09-14 14:26:38 - sqlalchemy.engine.Engine - INFO - COMMIT
2024-09-14 14:26:38 - sqlalchemy.engine.Engine - INFO - BEGIN (implicit)
2024-09-14 14:26:38 - sqlalchemy.engine.Engine - INFO - ALTER TABLE threads CONVERT TO CHARACTER SET utf8mb4 COLLATE utf8mb4_unicode_ci
2024-09-14 14:26:38 - sqlalchemy.engine.Engine - INFO - [generated in 0.00009s] {}
2024-09-14 14:26:38 - sqlalchemy.engine.Engine - INFO - COMMIT
2024-09-14 14:26:38 - sqlalchemy.engine.Engine - INFO - BEGIN (implicit)
2024-09-14 14:26:38 - sqlalchemy.engine.Engine - INFO - DESCRIBE `mategen`.`agents`
2024-09-14 14:26:38 - sqlalchemy.engine.Engine - INFO - [raw sql] {}
2024-09-14 14:26:38 - sqlalchemy.engine.Engine - INFO - ROLLBACK
2024-09-14 14:26:38 - sqlalchemy.engine.Engine - INFO - BEGIN (implicit)
2024-09-14 14:26:38 - sqlalchemy.engine.Engine - INFO - ALTER TABLE agents CONVERT TO CHARACTER SET utf8mb4 COLLATE utf8mb4_unicode_ci
2024-09-14 14:26:38 - sqlalchemy.engine.Engine - INFO - [generated in 0.00008s] {}
2024-09-14 14:26:38 - sqlalchemy.engine.Engine - INFO - COMMIT
2024-09-14 14:26:38 - sqlalchemy.engine.Engine - INFO - BEGIN (implicit)
2024-09-14 14:26:38 - sqlalchemy.engine.Engine - INFO - DESCRIBE `mategen`.`knowledge_bases`
2024-09-14 14:26:38 - sqlalchemy.engine.Engine - INFO - [raw sql] {}
2024-09-14 14:26:38 - sqlalchemy.engine.Engine - INFO - ROLLBACK
2024-09-14 14:26:38 - sqlalchemy.engine.Engine - INFO - BEGIN (implicit)
2024-09-14 14:26:38 - sqlalchemy.engine.Engine - INFO - ALTER TABLE knowledge_bases CONVERT TO CHARACTER SET utf8mb4 COLLATE utf8mb4_unicode_ci
2024-09-14 14:26:38 - sqlalchemy.engine.Engine - INFO - [generated in 0.00008s] {}
2024-09-14 14:26:38 - sqlalchemy.engine.Engine - INFO - COMMIT
2024-09-14 14:26:38 - sqlalchemy.engine.Engine - INFO - BEGIN (implicit)
2024-09-14 14:26:38 - sqlalchemy.engine.Engine - INFO - DESCRIBE `mategen`.`db_configs`
2024-09-14 14:26:38 - sqlalchemy.engine.Engine - INFO - [raw sql] {}
2024-09-14 14:26:38 - sqlalchemy.engine.Engine - INFO - ROLLBACK
2024-09-14 14:26:38 - sqlalchemy.engine.Engine - INFO - BEGIN (implicit)
2024-09-14 14:26:38 - sqlalchemy.engine.Engine - INFO - ALTER TABLE db_configs CONVERT TO CHARACTER SET utf8mb4 COLLATE utf8mb4_unicode_ci
2024-09-14 14:26:38 - sqlalchemy.engine.Engine - INFO - [generated in 0.00008s] {}
2024-09-14 14:26:38 - sqlalchemy.engine.Engine - INFO - COMMIT
2024-09-14 14:26:38 - sqlalchemy.engine.Engine - INFO - BEGIN (implicit)
2024-09-14 14:26:38 - sqlalchemy.engine.Engine - INFO - ALTER TABLE messages CONVERT TO CHARACTER SET utf8mb4 COLLATE utf8mb4_unicode_ci
2024-09-14 14:26:38 - sqlalchemy.engine.Engine - INFO - [generated in 0.00008s] {}
2024-09-14 14:26:38 - sqlalchemy.engine.Engine - INFO - COMMIT
2024-09-14 14:26:38 - sqlalchemy.engine.Engine - INFO - BEGIN (implicit)
2024-09-14 14:26:38 - sqlalchemy.engine.Engine - INFO - ALTER TABLE threads ADD CONSTRAINT threads_ibfk_1 FOREIGN KEY (agent_id) REFERENCES agents(id)
2024-09-14 14:26:38 - sqlalchemy.engine.Engine - INFO - [generated in 0.00010s] {}
2024-09-14 14:26:39 - sqlalchemy.engine.Engine - INFO - COMMIT
2024-09-14 14:26:39 - sqlalchemy.engine.Engine - INFO - BEGIN (implicit)
2024-09-14 14:26:39 - sqlalchemy.engine.Engine - INFO - ALTER TABLE messages ADD CONSTRAINT messages_ibfk_1 FOREIGN KEY (thread_id) REFERENCES threads(id)
2024-09-14 14:26:39 - sqlalchemy.engine.Engine - INFO - [generated in 0.00008s] {}
2024-09-14 14:26:39 - sqlalchemy.engine.Engine - INFO - COMMIT
2024-09-14 14:26:55 - httpx - INFO - HTTP Request: POST https://ai.devtool.tech/proxy/v1/assistants "HTTP/1.1 200 OK"
2024-09-14 14:26:55 - sqlalchemy.engine.Engine - INFO - SELECT DATABASE()
2024-09-14 14:26:55 - sqlalchemy.engine.Engine - INFO - [raw sql] {}
2024-09-14 14:26:55 - sqlalchemy.engine.Engine - INFO - SELECT @@sql_mode
2024-09-14 14:26:55 - sqlalchemy.engine.Engine - INFO - [raw sql] {}
2024-09-14 14:26:55 - sqlalchemy.engine.Engine - INFO - SELECT @@lower_case_table_names
2024-09-14 14:26:55 - sqlalchemy.engine.Engine - INFO - [raw sql] {}
2024-09-14 14:26:55 - sqlalchemy.engine.Engine - INFO - BEGIN (implicit)
2024-09-14 14:26:55 - sqlalchemy.engine.Engine - INFO - SELECT db_configs.id AS db_configs_id, db_configs.database_name AS db_configs_database_name 
FROM db_configs ORDER BY db_configs.created_at DESC
2024-09-14 14:26:55 - sqlalchemy.engine.Engine - INFO - [generated in 0.00008s] {}
2024-09-14 14:26:55 - sqlalchemy.engine.Engine - INFO - ROLLBACK
2024-09-14 14:26:55 - root - INFO - 正在初始化MateGen，请稍后...
2024-09-14 14:26:56 - httpx - INFO - HTTP Request: GET https://ai.devtool.tech/proxy/v1/models "HTTP/1.1 200 OK"
2024-09-14 14:26:56 - root - INFO - 成功连接服务器，API-KEY通过验证！
2024-09-14 14:26:56 - root - INFO - 首次使用MateGen，正在进行Agent基础设置...
2024-09-14 14:27:02 - httpx - INFO - HTTP Request: POST https://ai.devtool.tech/proxy/v1/assistants "HTTP/1.1 200 OK"
2024-09-14 14:27:03 - httpx - INFO - HTTP Request: POST https://ai.devtool.tech/proxy/v1/threads "HTTP/1.1 200 OK"
2024-09-14 14:27:03 - httpx - INFO - HTTP Request: GET https://ai.devtool.tech/proxy/v1/assistants/asst_683EV42cVy4JDJWgmFWykUqP "HTTP/1.1 200 OK"
2024-09-14 14:27:03 - root - INFO - 已完成初始化，MateGen可随时调用！
2024-09-14 14:27:13 - httpx - INFO - HTTP Request: POST https://ai.devtool.tech/proxy/v1/threads/thread_JQNefBjcgrkp44ega9ha3Ddm/messages "HTTP/1.1 200 OK"
2024-09-14 14:27:14 - httpx - INFO - HTTP Request: POST https://ai.devtool.tech/proxy/v1/threads/thread_JQNefBjcgrkp44ega9ha3Ddm/runs "HTTP/1.1 200 OK"
2024-09-14 14:27:37 - httpx - INFO - HTTP Request: POST https://ai.devtool.tech/proxy/v1/threads/thread_JQNefBjcgrkp44ega9ha3Ddm/messages "HTTP/1.1 200 OK"
2024-09-14 14:27:38 - httpx - INFO - HTTP Request: POST https://ai.devtool.tech/proxy/v1/threads/thread_JQNefBjcgrkp44ega9ha3Ddm/runs "HTTP/1.1 200 OK"
2024-09-14 14:27:48 - root - INFO - 正在初始化MateGen，请稍后...
2024-09-14 14:27:49 - httpx - INFO - HTTP Request: GET https://ai.devtool.tech/proxy/v1/models "HTTP/1.1 200 OK"
2024-09-14 14:27:49 - root - INFO - 成功连接服务器，API-KEY通过验证！
2024-09-14 14:27:49 - httpx - INFO - HTTP Request: POST https://ai.devtool.tech/proxy/v1/threads "HTTP/1.1 200 OK"
2024-09-14 14:27:50 - httpx - INFO - HTTP Request: GET https://ai.devtool.tech/proxy/v1/assistants/asst_683EV42cVy4JDJWgmFWykUqP "HTTP/1.1 200 OK"
2024-09-14 14:27:50 - root - INFO - 已完成初始化，MateGen可随时调用！
2024-09-14 14:27:57 - root - INFO - 正在初始化MateGen，请稍后...
2024-09-14 14:27:58 - httpx - INFO - HTTP Request: GET https://ai.devtool.tech/proxy/v1/models "HTTP/1.1 200 OK"
2024-09-14 14:27:58 - root - INFO - 成功连接服务器，API-KEY通过验证！
2024-09-14 14:27:58 - httpx - INFO - HTTP Request: POST https://ai.devtool.tech/proxy/v1/threads "HTTP/1.1 200 OK"
2024-09-14 14:27:59 - httpx - INFO - HTTP Request: GET https://ai.devtool.tech/proxy/v1/assistants/asst_683EV42cVy4JDJWgmFWykUqP "HTTP/1.1 200 OK"
2024-09-14 14:27:59 - root - INFO - 已完成初始化，MateGen可随时调用！
2024-09-14 14:28:00 - httpx - INFO - HTTP Request: POST https://ai.devtool.tech/proxy/v1/threads/thread_5LAs2z0o90aG8uFTPCQK47nm/messages "HTTP/1.1 200 OK"
2024-09-14 14:28:02 - httpx - INFO - HTTP Request: POST https://ai.devtool.tech/proxy/v1/threads/thread_5LAs2z0o90aG8uFTPCQK47nm/runs "HTTP/1.1 200 OK"
2024-09-14 14:28:27 - root - INFO - Updated thread thread_JQNefBjcgrkp44ega9ha3Ddm with new conversation name: 随便聊
2024-09-14 14:28:36 - httpx - INFO - HTTP Request: POST https://ai.devtool.tech/proxy/v1/threads/thread_5LAs2z0o90aG8uFTPCQK47nm/messages "HTTP/1.1 200 OK"
2024-09-14 14:28:37 - httpx - INFO - HTTP Request: POST https://ai.devtool.tech/proxy/v1/threads/thread_5LAs2z0o90aG8uFTPCQK47nm/runs "HTTP/1.1 200 OK"
2024-09-14 14:33:11 - sqlalchemy.engine.Engine - INFO - SELECT DATABASE()
2024-09-14 14:33:11 - sqlalchemy.engine.Engine - INFO - [raw sql] {}
2024-09-14 14:33:11 - sqlalchemy.engine.Engine - INFO - SELECT @@sql_mode
2024-09-14 14:33:11 - sqlalchemy.engine.Engine - INFO - [raw sql] {}
2024-09-14 14:33:11 - sqlalchemy.engine.Engine - INFO - SELECT @@lower_case_table_names
2024-09-14 14:33:11 - sqlalchemy.engine.Engine - INFO - [raw sql] {}
2024-09-14 14:33:11 - sqlalchemy.engine.Engine - INFO - BEGIN (implicit)
2024-09-14 14:33:11 - sqlalchemy.engine.Engine - INFO - DESCRIBE `mategen`.`agents`
2024-09-14 14:33:11 - sqlalchemy.engine.Engine - INFO - [raw sql] {}
2024-09-14 14:33:11 - sqlalchemy.engine.Engine - INFO - DESCRIBE `mategen`.`threads`
2024-09-14 14:33:11 - sqlalchemy.engine.Engine - INFO - [raw sql] {}
2024-09-14 14:33:11 - sqlalchemy.engine.Engine - INFO - DESCRIBE `mategen`.`knowledge_bases`
2024-09-14 14:33:11 - sqlalchemy.engine.Engine - INFO - [raw sql] {}
2024-09-14 14:33:11 - sqlalchemy.engine.Engine - INFO - DESCRIBE `mategen`.`file_info`
2024-09-14 14:33:11 - sqlalchemy.engine.Engine - INFO - [raw sql] {}
2024-09-14 14:33:11 - sqlalchemy.engine.Engine - INFO - DESCRIBE `mategen`.`db_configs`
2024-09-14 14:33:11 - sqlalchemy.engine.Engine - INFO - [raw sql] {}
2024-09-14 14:33:11 - sqlalchemy.engine.Engine - INFO - DESCRIBE `mategen`.`messages`
2024-09-14 14:33:11 - sqlalchemy.engine.Engine - INFO - [raw sql] {}
2024-09-14 14:33:11 - sqlalchemy.engine.Engine - INFO - COMMIT
2024-09-14 14:33:11 - sqlalchemy.engine.Engine - INFO - BEGIN (implicit)
2024-09-14 14:33:11 - sqlalchemy.engine.Engine - INFO - ALTER DATABASE mategen CHARACTER SET = utf8mb4 COLLATE = utf8mb4_unicode_ci
2024-09-14 14:33:11 - sqlalchemy.engine.Engine - INFO - [generated in 0.00008s] {}
2024-09-14 14:33:11 - sqlalchemy.engine.Engine - INFO - COMMIT
2024-09-14 14:33:11 - sqlalchemy.engine.Engine - INFO - BEGIN (implicit)
2024-09-14 14:33:11 - sqlalchemy.engine.Engine - INFO - DESCRIBE `mategen`.`threads`
2024-09-14 14:33:11 - sqlalchemy.engine.Engine - INFO - [raw sql] {}
2024-09-14 14:33:11 - sqlalchemy.engine.Engine - INFO - ROLLBACK
2024-09-14 14:33:11 - sqlalchemy.engine.Engine - INFO - BEGIN (implicit)
2024-09-14 14:33:11 - sqlalchemy.engine.Engine - INFO - ALTER TABLE threads DROP FOREIGN KEY threads_ibfk_1
2024-09-14 14:33:11 - sqlalchemy.engine.Engine - INFO - [generated in 0.00021s] {}
2024-09-14 14:33:11 - sqlalchemy.engine.Engine - INFO - COMMIT
2024-09-14 14:33:11 - sqlalchemy.engine.Engine - INFO - BEGIN (implicit)
2024-09-14 14:33:11 - sqlalchemy.engine.Engine - INFO - DESCRIBE `mategen`.`messages`
2024-09-14 14:33:11 - sqlalchemy.engine.Engine - INFO - [raw sql] {}
2024-09-14 14:33:11 - sqlalchemy.engine.Engine - INFO - ROLLBACK
2024-09-14 14:33:11 - sqlalchemy.engine.Engine - INFO - BEGIN (implicit)
2024-09-14 14:33:11 - sqlalchemy.engine.Engine - INFO - ALTER TABLE messages DROP FOREIGN KEY messages_ibfk_1
2024-09-14 14:33:11 - sqlalchemy.engine.Engine - INFO - [generated in 0.00023s] {}
2024-09-14 14:33:11 - sqlalchemy.engine.Engine - INFO - COMMIT
2024-09-14 14:33:11 - sqlalchemy.engine.Engine - INFO - BEGIN (implicit)
2024-09-14 14:33:11 - sqlalchemy.engine.Engine - INFO - ALTER TABLE threads CONVERT TO CHARACTER SET utf8mb4 COLLATE utf8mb4_unicode_ci
2024-09-14 14:33:11 - sqlalchemy.engine.Engine - INFO - [generated in 0.00016s] {}
2024-09-14 14:33:11 - sqlalchemy.engine.Engine - INFO - COMMIT
2024-09-14 14:33:11 - sqlalchemy.engine.Engine - INFO - BEGIN (implicit)
2024-09-14 14:33:11 - sqlalchemy.engine.Engine - INFO - DESCRIBE `mategen`.`agents`
2024-09-14 14:33:11 - sqlalchemy.engine.Engine - INFO - [raw sql] {}
2024-09-14 14:33:11 - sqlalchemy.engine.Engine - INFO - ROLLBACK
2024-09-14 14:33:11 - sqlalchemy.engine.Engine - INFO - BEGIN (implicit)
2024-09-14 14:33:11 - sqlalchemy.engine.Engine - INFO - ALTER TABLE agents CONVERT TO CHARACTER SET utf8mb4 COLLATE utf8mb4_unicode_ci
2024-09-14 14:33:11 - sqlalchemy.engine.Engine - INFO - [generated in 0.00008s] {}
2024-09-14 14:33:11 - sqlalchemy.engine.Engine - INFO - COMMIT
2024-09-14 14:33:11 - sqlalchemy.engine.Engine - INFO - BEGIN (implicit)
2024-09-14 14:33:11 - sqlalchemy.engine.Engine - INFO - DESCRIBE `mategen`.`knowledge_bases`
2024-09-14 14:33:11 - sqlalchemy.engine.Engine - INFO - [raw sql] {}
2024-09-14 14:33:11 - sqlalchemy.engine.Engine - INFO - ROLLBACK
2024-09-14 14:33:11 - sqlalchemy.engine.Engine - INFO - BEGIN (implicit)
2024-09-14 14:33:11 - sqlalchemy.engine.Engine - INFO - ALTER TABLE knowledge_bases CONVERT TO CHARACTER SET utf8mb4 COLLATE utf8mb4_unicode_ci
2024-09-14 14:33:11 - sqlalchemy.engine.Engine - INFO - [generated in 0.00015s] {}
2024-09-14 14:33:11 - sqlalchemy.engine.Engine - INFO - COMMIT
2024-09-14 14:33:11 - sqlalchemy.engine.Engine - INFO - BEGIN (implicit)
2024-09-14 14:33:11 - sqlalchemy.engine.Engine - INFO - DESCRIBE `mategen`.`db_configs`
2024-09-14 14:33:11 - sqlalchemy.engine.Engine - INFO - [raw sql] {}
2024-09-14 14:33:11 - sqlalchemy.engine.Engine - INFO - ROLLBACK
2024-09-14 14:33:11 - sqlalchemy.engine.Engine - INFO - BEGIN (implicit)
2024-09-14 14:33:11 - sqlalchemy.engine.Engine - INFO - ALTER TABLE db_configs CONVERT TO CHARACTER SET utf8mb4 COLLATE utf8mb4_unicode_ci
2024-09-14 14:33:11 - sqlalchemy.engine.Engine - INFO - [generated in 0.00008s] {}
2024-09-14 14:33:11 - sqlalchemy.engine.Engine - INFO - COMMIT
2024-09-14 14:33:11 - sqlalchemy.engine.Engine - INFO - BEGIN (implicit)
2024-09-14 14:33:11 - sqlalchemy.engine.Engine - INFO - ALTER TABLE messages CONVERT TO CHARACTER SET utf8mb4 COLLATE utf8mb4_unicode_ci
2024-09-14 14:33:11 - sqlalchemy.engine.Engine - INFO - [generated in 0.00008s] {}
2024-09-14 14:33:11 - sqlalchemy.engine.Engine - INFO - COMMIT
2024-09-14 14:33:11 - sqlalchemy.engine.Engine - INFO - BEGIN (implicit)
2024-09-14 14:33:11 - sqlalchemy.engine.Engine - INFO - ALTER TABLE threads ADD CONSTRAINT threads_ibfk_1 FOREIGN KEY (agent_id) REFERENCES agents(id)
2024-09-14 14:33:11 - sqlalchemy.engine.Engine - INFO - [generated in 0.00007s] {}
2024-09-14 14:33:11 - sqlalchemy.engine.Engine - INFO - COMMIT
2024-09-14 14:33:11 - sqlalchemy.engine.Engine - INFO - BEGIN (implicit)
2024-09-14 14:33:11 - sqlalchemy.engine.Engine - INFO - ALTER TABLE messages ADD CONSTRAINT messages_ibfk_1 FOREIGN KEY (thread_id) REFERENCES threads(id)
2024-09-14 14:33:11 - sqlalchemy.engine.Engine - INFO - [generated in 0.00012s] {}
2024-09-14 14:33:12 - sqlalchemy.engine.Engine - INFO - COMMIT
2024-09-14 14:33:15 - sqlalchemy.engine.Engine - INFO - SELECT DATABASE()
2024-09-14 14:33:15 - sqlalchemy.engine.Engine - INFO - [raw sql] {}
2024-09-14 14:33:15 - sqlalchemy.engine.Engine - INFO - SELECT @@sql_mode
2024-09-14 14:33:15 - sqlalchemy.engine.Engine - INFO - [raw sql] {}
2024-09-14 14:33:15 - sqlalchemy.engine.Engine - INFO - SELECT @@lower_case_table_names
2024-09-14 14:33:15 - sqlalchemy.engine.Engine - INFO - [raw sql] {}
2024-09-14 14:33:15 - sqlalchemy.engine.Engine - INFO - BEGIN (implicit)
2024-09-14 14:33:15 - sqlalchemy.engine.Engine - INFO - SELECT db_configs.id AS db_configs_id, db_configs.database_name AS db_configs_database_name 
FROM db_configs ORDER BY db_configs.created_at DESC
2024-09-14 14:33:15 - sqlalchemy.engine.Engine - INFO - [generated in 0.00009s] {}
2024-09-14 14:33:15 - sqlalchemy.engine.Engine - INFO - ROLLBACK
2024-09-14 14:33:16 - root - INFO - 正在初始化MateGen，请稍后...
2024-09-14 14:33:16 - httpx - INFO - HTTP Request: GET https://ai.devtool.tech/proxy/v1/models "HTTP/1.1 200 OK"
2024-09-14 14:33:16 - root - INFO - 成功连接服务器，API-KEY通过验证！
2024-09-14 14:33:17 - httpx - INFO - HTTP Request: POST https://ai.devtool.tech/proxy/v1/threads "HTTP/1.1 200 OK"
2024-09-14 14:33:17 - httpx - INFO - HTTP Request: GET https://ai.devtool.tech/proxy/v1/assistants/asst_683EV42cVy4JDJWgmFWykUqP "HTTP/1.1 200 OK"
2024-09-14 14:33:17 - root - INFO - 已完成初始化，MateGen可随时调用！
2024-09-14 14:33:25 - root - INFO - 正在初始化MateGen，请稍后...
2024-09-14 14:33:26 - httpx - INFO - HTTP Request: GET https://ai.devtool.tech/proxy/v1/models "HTTP/1.1 200 OK"
2024-09-14 14:33:26 - root - INFO - 成功连接服务器，API-KEY通过验证！
2024-09-14 14:33:27 - httpx - INFO - HTTP Request: POST https://ai.devtool.tech/proxy/v1/threads "HTTP/1.1 200 OK"
2024-09-14 14:33:27 - httpx - INFO - HTTP Request: GET https://ai.devtool.tech/proxy/v1/assistants/asst_683EV42cVy4JDJWgmFWykUqP "HTTP/1.1 200 OK"
2024-09-14 14:33:27 - root - INFO - 已完成初始化，MateGen可随时调用！
2024-09-14 14:33:32 - root - INFO - 正在初始化MateGen，请稍后...
2024-09-14 14:33:32 - httpx - INFO - HTTP Request: GET https://ai.devtool.tech/proxy/v1/models "HTTP/1.1 200 OK"
2024-09-14 14:33:32 - root - INFO - 成功连接服务器，API-KEY通过验证！
2024-09-14 14:33:33 - httpx - INFO - HTTP Request: POST https://ai.devtool.tech/proxy/v1/threads "HTTP/1.1 200 OK"
2024-09-14 14:33:33 - httpx - INFO - HTTP Request: GET https://ai.devtool.tech/proxy/v1/assistants/asst_683EV42cVy4JDJWgmFWykUqP "HTTP/1.1 200 OK"
2024-09-14 14:33:33 - root - INFO - 已完成初始化，MateGen可随时调用！
2024-09-14 14:36:05 - sqlalchemy.engine.Engine - INFO - SELECT DATABASE()
2024-09-14 14:36:05 - sqlalchemy.engine.Engine - INFO - [raw sql] {}
2024-09-14 14:36:05 - sqlalchemy.engine.Engine - INFO - SELECT @@sql_mode
2024-09-14 14:36:05 - sqlalchemy.engine.Engine - INFO - [raw sql] {}
2024-09-14 14:36:05 - sqlalchemy.engine.Engine - INFO - SELECT @@lower_case_table_names
2024-09-14 14:36:05 - sqlalchemy.engine.Engine - INFO - [raw sql] {}
2024-09-14 14:36:05 - sqlalchemy.engine.Engine - INFO - BEGIN (implicit)
2024-09-14 14:36:05 - sqlalchemy.engine.Engine - INFO - DESCRIBE `mategen`.`agents`
2024-09-14 14:36:05 - sqlalchemy.engine.Engine - INFO - [raw sql] {}
2024-09-14 14:36:05 - sqlalchemy.engine.Engine - INFO - DESCRIBE `mategen`.`threads`
2024-09-14 14:36:05 - sqlalchemy.engine.Engine - INFO - [raw sql] {}
2024-09-14 14:36:05 - sqlalchemy.engine.Engine - INFO - DESCRIBE `mategen`.`knowledge_bases`
2024-09-14 14:36:05 - sqlalchemy.engine.Engine - INFO - [raw sql] {}
2024-09-14 14:36:05 - sqlalchemy.engine.Engine - INFO - DESCRIBE `mategen`.`file_info`
2024-09-14 14:36:05 - sqlalchemy.engine.Engine - INFO - [raw sql] {}
2024-09-14 14:36:05 - sqlalchemy.engine.Engine - INFO - DESCRIBE `mategen`.`db_configs`
2024-09-14 14:36:05 - sqlalchemy.engine.Engine - INFO - [raw sql] {}
2024-09-14 14:36:05 - sqlalchemy.engine.Engine - INFO - DESCRIBE `mategen`.`messages`
2024-09-14 14:36:05 - sqlalchemy.engine.Engine - INFO - [raw sql] {}
2024-09-14 14:36:05 - sqlalchemy.engine.Engine - INFO - COMMIT
2024-09-14 14:36:05 - sqlalchemy.engine.Engine - INFO - BEGIN (implicit)
2024-09-14 14:36:05 - sqlalchemy.engine.Engine - INFO - ALTER DATABASE mategen CHARACTER SET = utf8mb4 COLLATE = utf8mb4_unicode_ci
2024-09-14 14:36:05 - sqlalchemy.engine.Engine - INFO - [generated in 0.00008s] {}
2024-09-14 14:36:05 - sqlalchemy.engine.Engine - INFO - COMMIT
2024-09-14 14:36:05 - sqlalchemy.engine.Engine - INFO - BEGIN (implicit)
2024-09-14 14:36:05 - sqlalchemy.engine.Engine - INFO - DESCRIBE `mategen`.`threads`
2024-09-14 14:36:05 - sqlalchemy.engine.Engine - INFO - [raw sql] {}
2024-09-14 14:36:05 - sqlalchemy.engine.Engine - INFO - ROLLBACK
2024-09-14 14:36:05 - sqlalchemy.engine.Engine - INFO - BEGIN (implicit)
2024-09-14 14:36:05 - sqlalchemy.engine.Engine - INFO - ALTER TABLE threads DROP FOREIGN KEY threads_ibfk_1
2024-09-14 14:36:05 - sqlalchemy.engine.Engine - INFO - [generated in 0.00012s] {}
2024-09-14 14:36:05 - sqlalchemy.engine.Engine - INFO - COMMIT
2024-09-14 14:36:05 - sqlalchemy.engine.Engine - INFO - BEGIN (implicit)
2024-09-14 14:36:05 - sqlalchemy.engine.Engine - INFO - DESCRIBE `mategen`.`messages`
2024-09-14 14:36:05 - sqlalchemy.engine.Engine - INFO - [raw sql] {}
2024-09-14 14:36:05 - sqlalchemy.engine.Engine - INFO - ROLLBACK
2024-09-14 14:36:05 - sqlalchemy.engine.Engine - INFO - BEGIN (implicit)
2024-09-14 14:36:05 - sqlalchemy.engine.Engine - INFO - ALTER TABLE messages DROP FOREIGN KEY messages_ibfk_1
2024-09-14 14:36:05 - sqlalchemy.engine.Engine - INFO - [generated in 0.00021s] {}
2024-09-14 14:36:05 - sqlalchemy.engine.Engine - INFO - COMMIT
2024-09-14 14:36:05 - sqlalchemy.engine.Engine - INFO - BEGIN (implicit)
2024-09-14 14:36:05 - sqlalchemy.engine.Engine - INFO - ALTER TABLE threads CONVERT TO CHARACTER SET utf8mb4 COLLATE utf8mb4_unicode_ci
2024-09-14 14:36:05 - sqlalchemy.engine.Engine - INFO - [generated in 0.00009s] {}
2024-09-14 14:36:05 - sqlalchemy.engine.Engine - INFO - COMMIT
2024-09-14 14:36:05 - sqlalchemy.engine.Engine - INFO - BEGIN (implicit)
2024-09-14 14:36:05 - sqlalchemy.engine.Engine - INFO - DESCRIBE `mategen`.`agents`
2024-09-14 14:36:05 - sqlalchemy.engine.Engine - INFO - [raw sql] {}
2024-09-14 14:36:05 - sqlalchemy.engine.Engine - INFO - ROLLBACK
2024-09-14 14:36:05 - sqlalchemy.engine.Engine - INFO - BEGIN (implicit)
2024-09-14 14:36:05 - sqlalchemy.engine.Engine - INFO - ALTER TABLE agents CONVERT TO CHARACTER SET utf8mb4 COLLATE utf8mb4_unicode_ci
2024-09-14 14:36:05 - sqlalchemy.engine.Engine - INFO - [generated in 0.00029s] {}
2024-09-14 14:36:05 - sqlalchemy.engine.Engine - INFO - COMMIT
2024-09-14 14:36:05 - sqlalchemy.engine.Engine - INFO - BEGIN (implicit)
2024-09-14 14:36:05 - sqlalchemy.engine.Engine - INFO - DESCRIBE `mategen`.`knowledge_bases`
2024-09-14 14:36:05 - sqlalchemy.engine.Engine - INFO - [raw sql] {}
2024-09-14 14:36:05 - sqlalchemy.engine.Engine - INFO - ROLLBACK
2024-09-14 14:36:05 - sqlalchemy.engine.Engine - INFO - BEGIN (implicit)
2024-09-14 14:36:05 - sqlalchemy.engine.Engine - INFO - ALTER TABLE knowledge_bases CONVERT TO CHARACTER SET utf8mb4 COLLATE utf8mb4_unicode_ci
2024-09-14 14:36:05 - sqlalchemy.engine.Engine - INFO - [generated in 0.00010s] {}
2024-09-14 14:36:05 - sqlalchemy.engine.Engine - INFO - COMMIT
2024-09-14 14:36:05 - sqlalchemy.engine.Engine - INFO - BEGIN (implicit)
2024-09-14 14:36:05 - sqlalchemy.engine.Engine - INFO - DESCRIBE `mategen`.`db_configs`
2024-09-14 14:36:05 - sqlalchemy.engine.Engine - INFO - [raw sql] {}
2024-09-14 14:36:05 - sqlalchemy.engine.Engine - INFO - ROLLBACK
2024-09-14 14:36:05 - sqlalchemy.engine.Engine - INFO - BEGIN (implicit)
2024-09-14 14:36:05 - sqlalchemy.engine.Engine - INFO - ALTER TABLE db_configs CONVERT TO CHARACTER SET utf8mb4 COLLATE utf8mb4_unicode_ci
2024-09-14 14:36:05 - sqlalchemy.engine.Engine - INFO - [generated in 0.00008s] {}
2024-09-14 14:36:05 - sqlalchemy.engine.Engine - INFO - COMMIT
2024-09-14 14:36:05 - sqlalchemy.engine.Engine - INFO - BEGIN (implicit)
2024-09-14 14:36:05 - sqlalchemy.engine.Engine - INFO - ALTER TABLE messages CONVERT TO CHARACTER SET utf8mb4 COLLATE utf8mb4_unicode_ci
2024-09-14 14:36:05 - sqlalchemy.engine.Engine - INFO - [generated in 0.00009s] {}
2024-09-14 14:36:05 - sqlalchemy.engine.Engine - INFO - COMMIT
2024-09-14 14:36:05 - sqlalchemy.engine.Engine - INFO - BEGIN (implicit)
2024-09-14 14:36:05 - sqlalchemy.engine.Engine - INFO - ALTER TABLE threads ADD CONSTRAINT threads_ibfk_1 FOREIGN KEY (agent_id) REFERENCES agents(id)
2024-09-14 14:36:05 - sqlalchemy.engine.Engine - INFO - [generated in 0.00010s] {}
2024-09-14 14:36:05 - sqlalchemy.engine.Engine - INFO - COMMIT
2024-09-14 14:36:05 - sqlalchemy.engine.Engine - INFO - BEGIN (implicit)
2024-09-14 14:36:05 - sqlalchemy.engine.Engine - INFO - ALTER TABLE messages ADD CONSTRAINT messages_ibfk_1 FOREIGN KEY (thread_id) REFERENCES threads(id)
2024-09-14 14:36:05 - sqlalchemy.engine.Engine - INFO - [generated in 0.00008s] {}
2024-09-14 14:36:05 - sqlalchemy.engine.Engine - INFO - COMMIT
2024-09-14 14:37:19 - sqlalchemy.engine.Engine - INFO - SELECT DATABASE()
2024-09-14 14:37:19 - sqlalchemy.engine.Engine - INFO - [raw sql] {}
2024-09-14 14:37:19 - sqlalchemy.engine.Engine - INFO - SELECT @@sql_mode
2024-09-14 14:37:19 - sqlalchemy.engine.Engine - INFO - [raw sql] {}
2024-09-14 14:37:19 - sqlalchemy.engine.Engine - INFO - SELECT @@lower_case_table_names
2024-09-14 14:37:19 - sqlalchemy.engine.Engine - INFO - [raw sql] {}
2024-09-14 14:37:19 - sqlalchemy.engine.Engine - INFO - BEGIN (implicit)
2024-09-14 14:37:19 - sqlalchemy.engine.Engine - INFO - DESCRIBE `mategen`.`agents`
2024-09-14 14:37:19 - sqlalchemy.engine.Engine - INFO - [raw sql] {}
2024-09-14 14:37:19 - sqlalchemy.engine.Engine - INFO - DESCRIBE `mategen`.`threads`
2024-09-14 14:37:19 - sqlalchemy.engine.Engine - INFO - [raw sql] {}
2024-09-14 14:37:19 - sqlalchemy.engine.Engine - INFO - DESCRIBE `mategen`.`knowledge_bases`
2024-09-14 14:37:19 - sqlalchemy.engine.Engine - INFO - [raw sql] {}
2024-09-14 14:37:19 - sqlalchemy.engine.Engine - INFO - DESCRIBE `mategen`.`file_info`
2024-09-14 14:37:19 - sqlalchemy.engine.Engine - INFO - [raw sql] {}
2024-09-14 14:37:19 - sqlalchemy.engine.Engine - INFO - DESCRIBE `mategen`.`db_configs`
2024-09-14 14:37:19 - sqlalchemy.engine.Engine - INFO - [raw sql] {}
2024-09-14 14:37:19 - sqlalchemy.engine.Engine - INFO - DESCRIBE `mategen`.`messages`
2024-09-14 14:37:19 - sqlalchemy.engine.Engine - INFO - [raw sql] {}
2024-09-14 14:37:19 - sqlalchemy.engine.Engine - INFO - COMMIT
2024-09-14 14:37:19 - sqlalchemy.engine.Engine - INFO - BEGIN (implicit)
2024-09-14 14:37:19 - sqlalchemy.engine.Engine - INFO - ALTER DATABASE mategen CHARACTER SET = utf8mb4 COLLATE = utf8mb4_unicode_ci
2024-09-14 14:37:19 - sqlalchemy.engine.Engine - INFO - [generated in 0.00009s] {}
2024-09-14 14:37:19 - sqlalchemy.engine.Engine - INFO - COMMIT
2024-09-14 14:37:19 - sqlalchemy.engine.Engine - INFO - BEGIN (implicit)
2024-09-14 14:37:19 - sqlalchemy.engine.Engine - INFO - DESCRIBE `mategen`.`threads`
2024-09-14 14:37:19 - sqlalchemy.engine.Engine - INFO - [raw sql] {}
2024-09-14 14:37:19 - sqlalchemy.engine.Engine - INFO - ROLLBACK
2024-09-14 14:37:19 - sqlalchemy.engine.Engine - INFO - BEGIN (implicit)
2024-09-14 14:37:19 - sqlalchemy.engine.Engine - INFO - ALTER TABLE threads DROP FOREIGN KEY threads_ibfk_1
2024-09-14 14:37:19 - sqlalchemy.engine.Engine - INFO - [generated in 0.00008s] {}
2024-09-14 14:37:19 - sqlalchemy.engine.Engine - INFO - COMMIT
2024-09-14 14:37:19 - sqlalchemy.engine.Engine - INFO - BEGIN (implicit)
2024-09-14 14:37:19 - sqlalchemy.engine.Engine - INFO - DESCRIBE `mategen`.`messages`
2024-09-14 14:37:19 - sqlalchemy.engine.Engine - INFO - [raw sql] {}
2024-09-14 14:37:19 - sqlalchemy.engine.Engine - INFO - ROLLBACK
2024-09-14 14:37:19 - sqlalchemy.engine.Engine - INFO - BEGIN (implicit)
2024-09-14 14:37:19 - sqlalchemy.engine.Engine - INFO - ALTER TABLE messages DROP FOREIGN KEY messages_ibfk_1
2024-09-14 14:37:19 - sqlalchemy.engine.Engine - INFO - [generated in 0.00013s] {}
2024-09-14 14:37:19 - sqlalchemy.engine.Engine - INFO - COMMIT
2024-09-14 14:37:19 - sqlalchemy.engine.Engine - INFO - BEGIN (implicit)
2024-09-14 14:37:19 - sqlalchemy.engine.Engine - INFO - ALTER TABLE threads CONVERT TO CHARACTER SET utf8mb4 COLLATE utf8mb4_unicode_ci
2024-09-14 14:37:19 - sqlalchemy.engine.Engine - INFO - [generated in 0.00011s] {}
2024-09-14 14:37:19 - sqlalchemy.engine.Engine - INFO - COMMIT
2024-09-14 14:37:19 - sqlalchemy.engine.Engine - INFO - BEGIN (implicit)
2024-09-14 14:37:19 - sqlalchemy.engine.Engine - INFO - DESCRIBE `mategen`.`agents`
2024-09-14 14:37:19 - sqlalchemy.engine.Engine - INFO - [raw sql] {}
2024-09-14 14:37:19 - sqlalchemy.engine.Engine - INFO - ROLLBACK
2024-09-14 14:37:19 - sqlalchemy.engine.Engine - INFO - BEGIN (implicit)
2024-09-14 14:37:19 - sqlalchemy.engine.Engine - INFO - ALTER TABLE agents CONVERT TO CHARACTER SET utf8mb4 COLLATE utf8mb4_unicode_ci
2024-09-14 14:37:19 - sqlalchemy.engine.Engine - INFO - [generated in 0.00009s] {}
2024-09-14 14:37:19 - sqlalchemy.engine.Engine - INFO - COMMIT
2024-09-14 14:37:19 - sqlalchemy.engine.Engine - INFO - BEGIN (implicit)
2024-09-14 14:37:19 - sqlalchemy.engine.Engine - INFO - DESCRIBE `mategen`.`knowledge_bases`
2024-09-14 14:37:19 - sqlalchemy.engine.Engine - INFO - [raw sql] {}
2024-09-14 14:37:19 - sqlalchemy.engine.Engine - INFO - ROLLBACK
2024-09-14 14:37:19 - sqlalchemy.engine.Engine - INFO - BEGIN (implicit)
2024-09-14 14:37:19 - sqlalchemy.engine.Engine - INFO - ALTER TABLE knowledge_bases CONVERT TO CHARACTER SET utf8mb4 COLLATE utf8mb4_unicode_ci
2024-09-14 14:37:19 - sqlalchemy.engine.Engine - INFO - [generated in 0.00008s] {}
2024-09-14 14:37:19 - sqlalchemy.engine.Engine - INFO - COMMIT
2024-09-14 14:37:19 - sqlalchemy.engine.Engine - INFO - BEGIN (implicit)
2024-09-14 14:37:19 - sqlalchemy.engine.Engine - INFO - DESCRIBE `mategen`.`db_configs`
2024-09-14 14:37:19 - sqlalchemy.engine.Engine - INFO - [raw sql] {}
2024-09-14 14:37:19 - sqlalchemy.engine.Engine - INFO - ROLLBACK
2024-09-14 14:37:19 - sqlalchemy.engine.Engine - INFO - BEGIN (implicit)
2024-09-14 14:37:19 - sqlalchemy.engine.Engine - INFO - ALTER TABLE db_configs CONVERT TO CHARACTER SET utf8mb4 COLLATE utf8mb4_unicode_ci
2024-09-14 14:37:19 - sqlalchemy.engine.Engine - INFO - [generated in 0.00007s] {}
2024-09-14 14:37:19 - sqlalchemy.engine.Engine - INFO - COMMIT
2024-09-14 14:37:19 - sqlalchemy.engine.Engine - INFO - BEGIN (implicit)
2024-09-14 14:37:19 - sqlalchemy.engine.Engine - INFO - ALTER TABLE messages CONVERT TO CHARACTER SET utf8mb4 COLLATE utf8mb4_unicode_ci
2024-09-14 14:37:19 - sqlalchemy.engine.Engine - INFO - [generated in 0.00011s] {}
2024-09-14 14:37:19 - sqlalchemy.engine.Engine - INFO - COMMIT
2024-09-14 14:37:19 - sqlalchemy.engine.Engine - INFO - BEGIN (implicit)
2024-09-14 14:37:19 - sqlalchemy.engine.Engine - INFO - ALTER TABLE threads ADD CONSTRAINT threads_ibfk_1 FOREIGN KEY (agent_id) REFERENCES agents(id)
2024-09-14 14:37:19 - sqlalchemy.engine.Engine - INFO - [generated in 0.00018s] {}
2024-09-14 14:37:19 - sqlalchemy.engine.Engine - INFO - COMMIT
2024-09-14 14:37:19 - sqlalchemy.engine.Engine - INFO - BEGIN (implicit)
2024-09-14 14:37:19 - sqlalchemy.engine.Engine - INFO - ALTER TABLE messages ADD CONSTRAINT messages_ibfk_1 FOREIGN KEY (thread_id) REFERENCES threads(id)
2024-09-14 14:37:19 - sqlalchemy.engine.Engine - INFO - [generated in 0.00008s] {}
2024-09-14 14:37:20 - sqlalchemy.engine.Engine - INFO - COMMIT
2024-09-14 14:37:23 - sqlalchemy.engine.Engine - INFO - SELECT DATABASE()
2024-09-14 14:37:23 - sqlalchemy.engine.Engine - INFO - [raw sql] {}
2024-09-14 14:37:23 - sqlalchemy.engine.Engine - INFO - SELECT @@sql_mode
2024-09-14 14:37:23 - sqlalchemy.engine.Engine - INFO - [raw sql] {}
2024-09-14 14:37:23 - sqlalchemy.engine.Engine - INFO - SELECT @@lower_case_table_names
2024-09-14 14:37:23 - sqlalchemy.engine.Engine - INFO - [raw sql] {}
2024-09-14 14:37:23 - sqlalchemy.engine.Engine - INFO - BEGIN (implicit)
2024-09-14 14:37:23 - sqlalchemy.engine.Engine - INFO - SELECT db_configs.id AS db_configs_id, db_configs.database_name AS db_configs_database_name 
FROM db_configs ORDER BY db_configs.created_at DESC
2024-09-14 14:37:23 - sqlalchemy.engine.Engine - INFO - [generated in 0.00014s] {}
2024-09-14 14:37:23 - sqlalchemy.engine.Engine - INFO - ROLLBACK
2024-09-14 14:39:04 - sqlalchemy.engine.Engine - INFO - SELECT DATABASE()
2024-09-14 14:39:04 - sqlalchemy.engine.Engine - INFO - [raw sql] {}
2024-09-14 14:39:04 - sqlalchemy.engine.Engine - INFO - SELECT @@sql_mode
2024-09-14 14:39:04 - sqlalchemy.engine.Engine - INFO - [raw sql] {}
2024-09-14 14:39:04 - sqlalchemy.engine.Engine - INFO - SELECT @@lower_case_table_names
2024-09-14 14:39:04 - sqlalchemy.engine.Engine - INFO - [raw sql] {}
2024-09-14 14:39:04 - sqlalchemy.engine.Engine - INFO - BEGIN (implicit)
2024-09-14 14:39:04 - sqlalchemy.engine.Engine - INFO - DESCRIBE `mategen`.`agents`
2024-09-14 14:39:04 - sqlalchemy.engine.Engine - INFO - [raw sql] {}
2024-09-14 14:39:04 - sqlalchemy.engine.Engine - INFO - DESCRIBE `mategen`.`threads`
2024-09-14 14:39:04 - sqlalchemy.engine.Engine - INFO - [raw sql] {}
2024-09-14 14:39:04 - sqlalchemy.engine.Engine - INFO - DESCRIBE `mategen`.`knowledge_bases`
2024-09-14 14:39:04 - sqlalchemy.engine.Engine - INFO - [raw sql] {}
2024-09-14 14:39:04 - sqlalchemy.engine.Engine - INFO - DESCRIBE `mategen`.`file_info`
2024-09-14 14:39:04 - sqlalchemy.engine.Engine - INFO - [raw sql] {}
2024-09-14 14:39:04 - sqlalchemy.engine.Engine - INFO - DESCRIBE `mategen`.`db_configs`
2024-09-14 14:39:04 - sqlalchemy.engine.Engine - INFO - [raw sql] {}
2024-09-14 14:39:04 - sqlalchemy.engine.Engine - INFO - DESCRIBE `mategen`.`messages`
2024-09-14 14:39:04 - sqlalchemy.engine.Engine - INFO - [raw sql] {}
2024-09-14 14:39:04 - sqlalchemy.engine.Engine - INFO - COMMIT
2024-09-14 14:39:04 - sqlalchemy.engine.Engine - INFO - BEGIN (implicit)
2024-09-14 14:39:04 - sqlalchemy.engine.Engine - INFO - ALTER DATABASE mategen CHARACTER SET = utf8mb4 COLLATE = utf8mb4_unicode_ci
2024-09-14 14:39:04 - sqlalchemy.engine.Engine - INFO - [generated in 0.00016s] {}
2024-09-14 14:39:04 - sqlalchemy.engine.Engine - INFO - COMMIT
2024-09-14 14:39:04 - sqlalchemy.engine.Engine - INFO - BEGIN (implicit)
2024-09-14 14:39:04 - sqlalchemy.engine.Engine - INFO - DESCRIBE `mategen`.`threads`
2024-09-14 14:39:04 - sqlalchemy.engine.Engine - INFO - [raw sql] {}
2024-09-14 14:39:04 - sqlalchemy.engine.Engine - INFO - ROLLBACK
2024-09-14 14:39:04 - sqlalchemy.engine.Engine - INFO - BEGIN (implicit)
2024-09-14 14:39:04 - sqlalchemy.engine.Engine - INFO - ALTER TABLE threads DROP FOREIGN KEY threads_ibfk_1
2024-09-14 14:39:04 - sqlalchemy.engine.Engine - INFO - [generated in 0.00009s] {}
2024-09-14 14:39:04 - sqlalchemy.engine.Engine - INFO - COMMIT
2024-09-14 14:39:04 - sqlalchemy.engine.Engine - INFO - BEGIN (implicit)
2024-09-14 14:39:04 - sqlalchemy.engine.Engine - INFO - DESCRIBE `mategen`.`messages`
2024-09-14 14:39:04 - sqlalchemy.engine.Engine - INFO - [raw sql] {}
2024-09-14 14:39:04 - sqlalchemy.engine.Engine - INFO - ROLLBACK
2024-09-14 14:39:04 - sqlalchemy.engine.Engine - INFO - BEGIN (implicit)
2024-09-14 14:39:04 - sqlalchemy.engine.Engine - INFO - ALTER TABLE messages DROP FOREIGN KEY messages_ibfk_1
2024-09-14 14:39:04 - sqlalchemy.engine.Engine - INFO - [generated in 0.00015s] {}
2024-09-14 14:39:04 - sqlalchemy.engine.Engine - INFO - COMMIT
2024-09-14 14:39:04 - sqlalchemy.engine.Engine - INFO - BEGIN (implicit)
2024-09-14 14:39:04 - sqlalchemy.engine.Engine - INFO - ALTER TABLE threads CONVERT TO CHARACTER SET utf8mb4 COLLATE utf8mb4_unicode_ci
2024-09-14 14:39:04 - sqlalchemy.engine.Engine - INFO - [generated in 0.00012s] {}
2024-09-14 14:39:04 - sqlalchemy.engine.Engine - INFO - COMMIT
2024-09-14 14:39:04 - sqlalchemy.engine.Engine - INFO - BEGIN (implicit)
2024-09-14 14:39:04 - sqlalchemy.engine.Engine - INFO - DESCRIBE `mategen`.`agents`
2024-09-14 14:39:04 - sqlalchemy.engine.Engine - INFO - [raw sql] {}
2024-09-14 14:39:04 - sqlalchemy.engine.Engine - INFO - ROLLBACK
2024-09-14 14:39:04 - sqlalchemy.engine.Engine - INFO - BEGIN (implicit)
2024-09-14 14:39:04 - sqlalchemy.engine.Engine - INFO - ALTER TABLE agents CONVERT TO CHARACTER SET utf8mb4 COLLATE utf8mb4_unicode_ci
2024-09-14 14:39:04 - sqlalchemy.engine.Engine - INFO - [generated in 0.00008s] {}
2024-09-14 14:39:04 - sqlalchemy.engine.Engine - INFO - COMMIT
2024-09-14 14:39:04 - sqlalchemy.engine.Engine - INFO - BEGIN (implicit)
2024-09-14 14:39:04 - sqlalchemy.engine.Engine - INFO - DESCRIBE `mategen`.`knowledge_bases`
2024-09-14 14:39:04 - sqlalchemy.engine.Engine - INFO - [raw sql] {}
2024-09-14 14:39:04 - sqlalchemy.engine.Engine - INFO - ROLLBACK
2024-09-14 14:39:04 - sqlalchemy.engine.Engine - INFO - BEGIN (implicit)
2024-09-14 14:39:04 - sqlalchemy.engine.Engine - INFO - ALTER TABLE knowledge_bases CONVERT TO CHARACTER SET utf8mb4 COLLATE utf8mb4_unicode_ci
2024-09-14 14:39:04 - sqlalchemy.engine.Engine - INFO - [generated in 0.00014s] {}
2024-09-14 14:39:04 - sqlalchemy.engine.Engine - INFO - COMMIT
2024-09-14 14:39:04 - sqlalchemy.engine.Engine - INFO - BEGIN (implicit)
2024-09-14 14:39:04 - sqlalchemy.engine.Engine - INFO - DESCRIBE `mategen`.`db_configs`
2024-09-14 14:39:04 - sqlalchemy.engine.Engine - INFO - [raw sql] {}
2024-09-14 14:39:04 - sqlalchemy.engine.Engine - INFO - ROLLBACK
2024-09-14 14:39:04 - sqlalchemy.engine.Engine - INFO - BEGIN (implicit)
2024-09-14 14:39:04 - sqlalchemy.engine.Engine - INFO - ALTER TABLE db_configs CONVERT TO CHARACTER SET utf8mb4 COLLATE utf8mb4_unicode_ci
2024-09-14 14:39:04 - sqlalchemy.engine.Engine - INFO - [generated in 0.00077s] {}
2024-09-14 14:39:04 - sqlalchemy.engine.Engine - INFO - COMMIT
2024-09-14 14:39:05 - sqlalchemy.engine.Engine - INFO - BEGIN (implicit)
2024-09-14 14:39:05 - sqlalchemy.engine.Engine - INFO - ALTER TABLE messages CONVERT TO CHARACTER SET utf8mb4 COLLATE utf8mb4_unicode_ci
2024-09-14 14:39:05 - sqlalchemy.engine.Engine - INFO - [generated in 0.00008s] {}
2024-09-14 14:39:05 - sqlalchemy.engine.Engine - INFO - COMMIT
2024-09-14 14:39:05 - sqlalchemy.engine.Engine - INFO - BEGIN (implicit)
2024-09-14 14:39:05 - sqlalchemy.engine.Engine - INFO - ALTER TABLE threads ADD CONSTRAINT threads_ibfk_1 FOREIGN KEY (agent_id) REFERENCES agents(id)
2024-09-14 14:39:05 - sqlalchemy.engine.Engine - INFO - [generated in 0.00008s] {}
2024-09-14 14:39:05 - sqlalchemy.engine.Engine - INFO - COMMIT
2024-09-14 14:39:05 - sqlalchemy.engine.Engine - INFO - BEGIN (implicit)
2024-09-14 14:39:05 - sqlalchemy.engine.Engine - INFO - ALTER TABLE messages ADD CONSTRAINT messages_ibfk_1 FOREIGN KEY (thread_id) REFERENCES threads(id)
2024-09-14 14:39:05 - sqlalchemy.engine.Engine - INFO - [generated in 0.00009s] {}
2024-09-14 14:39:05 - sqlalchemy.engine.Engine - INFO - COMMIT
2024-09-14 14:39:09 - sqlalchemy.engine.Engine - INFO - SELECT DATABASE()
2024-09-14 14:39:09 - sqlalchemy.engine.Engine - INFO - [raw sql] {}
2024-09-14 14:39:09 - sqlalchemy.engine.Engine - INFO - SELECT @@sql_mode
2024-09-14 14:39:09 - sqlalchemy.engine.Engine - INFO - [raw sql] {}
2024-09-14 14:39:09 - sqlalchemy.engine.Engine - INFO - SELECT @@lower_case_table_names
2024-09-14 14:39:09 - sqlalchemy.engine.Engine - INFO - [raw sql] {}
2024-09-14 14:39:09 - sqlalchemy.engine.Engine - INFO - BEGIN (implicit)
2024-09-14 14:39:09 - sqlalchemy.engine.Engine - INFO - SELECT db_configs.id AS db_configs_id, db_configs.database_name AS db_configs_database_name 
FROM db_configs ORDER BY db_configs.created_at DESC
2024-09-14 14:39:09 - sqlalchemy.engine.Engine - INFO - [generated in 0.00192s] {}
2024-09-14 14:39:09 - sqlalchemy.engine.Engine - INFO - ROLLBACK
2024-09-14 14:39:31 - root - INFO - 正在初始化MateGen，请稍后...
2024-09-14 14:39:32 - httpx - INFO - HTTP Request: GET https://ai.devtool.tech/proxy/v1/models "HTTP/1.1 200 OK"
2024-09-14 14:39:32 - root - INFO - 成功连接服务器，API-KEY通过验证！
2024-09-14 14:39:33 - httpx - INFO - HTTP Request: GET https://ai.devtool.tech/proxy/v1/assistants/asst_683EV42cVy4JDJWgmFWykUqP "HTTP/1.1 200 OK"
2024-09-14 14:39:33 - root - INFO - 已完成初始化，MateGen可随时调用！
2024-09-14 14:39:34 - httpx - INFO - HTTP Request: POST https://ai.devtool.tech/proxy/v1/threads/thread_5LAs2z0o90aG8uFTPCQK47nm/messages "HTTP/1.1 200 OK"
2024-09-14 14:39:36 - httpx - INFO - HTTP Request: POST https://ai.devtool.tech/proxy/v1/threads/thread_5LAs2z0o90aG8uFTPCQK47nm/runs "HTTP/1.1 200 OK"
2024-09-14 14:40:01 - root - INFO - 正在创建知识库，请稍后...
2024-09-14 14:40:02 - httpx - INFO - HTTP Request: GET https://ai.devtool.tech/proxy/v1/vector_stores "HTTP/1.1 200 OK"
2024-09-14 14:40:02 - root - INFO - 正在创建知识库的向量存储，请稍后...
2024-09-14 14:40:03 - httpx - INFO - HTTP Request: POST https://ai.devtool.tech/proxy/v1/vector_stores "HTTP/1.1 200 OK"
2024-09-14 14:40:03 - root - INFO - file_paths ： ['..\\uploads\\机器学习知识库\\我是木羽.md', '..\\uploads\\机器学习知识库\\接口.md']
2024-09-14 14:40:04 - httpx - INFO - HTTP Request: POST https://ai.devtool.tech/proxy/v1/files "HTTP/1.1 200 OK"
2024-09-14 14:40:04 - httpx - INFO - HTTP Request: POST https://ai.devtool.tech/proxy/v1/files "HTTP/1.1 200 OK"
2024-09-14 14:40:05 - httpx - INFO - HTTP Request: POST https://ai.devtool.tech/proxy/v1/vector_stores/vs_XvzoQDyYNv4sW2AnNXhHPUJO/file_batches "HTTP/1.1 200 OK"
2024-09-14 14:40:06 - httpx - INFO - HTTP Request: GET https://ai.devtool.tech/proxy/v1/vector_stores/vs_XvzoQDyYNv4sW2AnNXhHPUJO/file_batches/vsfb_698e1b4a392849c19de7290008db041d "HTTP/1.1 200 OK"
2024-09-14 14:40:07 - httpx - INFO - HTTP Request: GET https://ai.devtool.tech/proxy/v1/vector_stores/vs_XvzoQDyYNv4sW2AnNXhHPUJO/file_batches/vsfb_698e1b4a392849c19de7290008db041d "HTTP/1.1 200 OK"
2024-09-14 14:40:07 - root - INFO - 知识库创建完成！
2024-09-14 14:40:27 - root - INFO - 正在创建知识库，请稍后...
2024-09-14 14:40:28 - httpx - INFO - HTTP Request: GET https://ai.devtool.tech/proxy/v1/vector_stores "HTTP/1.1 200 OK"
2024-09-14 14:40:28 - root - INFO - 正在创建知识库的向量存储，请稍后...
2024-09-14 14:40:28 - httpx - INFO - HTTP Request: POST https://ai.devtool.tech/proxy/v1/vector_stores "HTTP/1.1 200 OK"
2024-09-14 14:40:28 - root - INFO - file_paths ： ['..\\uploads\\机器学习知识库\\我是木羽.md', '..\\uploads\\机器学习知识库\\接口.md']
2024-09-14 14:40:29 - httpx - INFO - HTTP Request: POST https://ai.devtool.tech/proxy/v1/files "HTTP/1.1 200 OK"
2024-09-14 14:40:29 - httpx - INFO - HTTP Request: POST https://ai.devtool.tech/proxy/v1/files "HTTP/1.1 200 OK"
2024-09-14 14:40:30 - httpx - INFO - HTTP Request: POST https://ai.devtool.tech/proxy/v1/vector_stores/vs_Ep0X9jMnAAblT70Xdb29i48O/file_batches "HTTP/1.1 200 OK"
2024-09-14 14:40:30 - httpx - INFO - HTTP Request: GET https://ai.devtool.tech/proxy/v1/vector_stores/vs_Ep0X9jMnAAblT70Xdb29i48O/file_batches/vsfb_ddf90d2c1c534f8591d32036e2da4f85 "HTTP/1.1 200 OK"
2024-09-14 14:40:32 - httpx - INFO - HTTP Request: GET https://ai.devtool.tech/proxy/v1/vector_stores/vs_Ep0X9jMnAAblT70Xdb29i48O/file_batches/vsfb_ddf90d2c1c534f8591d32036e2da4f85 "HTTP/1.1 200 OK"
2024-09-14 14:40:32 - root - INFO - 知识库创建完成！
2024-09-14 14:40:39 - sqlalchemy.engine.Engine - INFO - SELECT DATABASE()
2024-09-14 14:40:39 - sqlalchemy.engine.Engine - INFO - [raw sql] {}
2024-09-14 14:40:39 - sqlalchemy.engine.Engine - INFO - SELECT @@sql_mode
2024-09-14 14:40:39 - sqlalchemy.engine.Engine - INFO - [raw sql] {}
2024-09-14 14:40:39 - sqlalchemy.engine.Engine - INFO - SELECT @@lower_case_table_names
2024-09-14 14:40:39 - sqlalchemy.engine.Engine - INFO - [raw sql] {}
2024-09-14 14:40:39 - sqlalchemy.engine.Engine - INFO - BEGIN (implicit)
2024-09-14 14:40:39 - sqlalchemy.engine.Engine - INFO - SELECT db_configs.id AS db_configs_id, db_configs.database_name AS db_configs_database_name 
FROM db_configs ORDER BY db_configs.created_at DESC
2024-09-14 14:40:39 - sqlalchemy.engine.Engine - INFO - [generated in 0.00011s] {}
2024-09-14 14:40:39 - sqlalchemy.engine.Engine - INFO - ROLLBACK
2024-09-14 14:41:15 - sqlalchemy.engine.Engine - INFO - SELECT DATABASE()
2024-09-14 14:41:15 - sqlalchemy.engine.Engine - INFO - [raw sql] {}
2024-09-14 14:41:15 - sqlalchemy.engine.Engine - INFO - SELECT @@sql_mode
2024-09-14 14:41:15 - sqlalchemy.engine.Engine - INFO - [raw sql] {}
2024-09-14 14:41:15 - sqlalchemy.engine.Engine - INFO - SELECT @@lower_case_table_names
2024-09-14 14:41:15 - sqlalchemy.engine.Engine - INFO - [raw sql] {}
2024-09-14 14:41:15 - sqlalchemy.engine.Engine - INFO - BEGIN (implicit)
2024-09-14 14:41:15 - sqlalchemy.engine.Engine - INFO - USE `mategen`;
2024-09-14 14:41:15 - sqlalchemy.engine.Engine - INFO - [generated in 0.00016s] {}
2024-09-14 14:41:15 - sqlalchemy.engine.Engine - INFO - SHOW TABLES;
2024-09-14 14:41:15 - sqlalchemy.engine.Engine - INFO - [generated in 0.00007s] {}
2024-09-14 14:41:15 - sqlalchemy.engine.Engine - INFO - ROLLBACK
2024-09-14 14:41:15 - sqlalchemy.engine.Engine - INFO - SELECT DATABASE()
2024-09-14 14:41:15 - sqlalchemy.engine.Engine - INFO - [raw sql] {}
2024-09-14 14:41:15 - sqlalchemy.engine.Engine - INFO - SELECT @@sql_mode
2024-09-14 14:41:15 - sqlalchemy.engine.Engine - INFO - [raw sql] {}
2024-09-14 14:41:15 - sqlalchemy.engine.Engine - INFO - SELECT @@lower_case_table_names
2024-09-14 14:41:15 - sqlalchemy.engine.Engine - INFO - [raw sql] {}
2024-09-14 14:41:15 - sqlalchemy.engine.Engine - INFO - BEGIN (implicit)
2024-09-14 14:41:15 - sqlalchemy.engine.Engine - INFO - SELECT db_configs.id AS db_configs_id, db_configs.hostname AS db_configs_hostname, db_configs.port AS db_configs_port, db_configs.username AS db_configs_username, db_configs.password AS db_configs_password, db_configs.database_name AS db_configs_database_name, db_configs.created_at AS db_configs_created_at 
FROM db_configs 
WHERE db_configs.hostname = %(hostname_1)s AND db_configs.port = %(port_1)s AND db_configs.username = %(username_1)s AND db_configs.password = %(password_1)s AND db_configs.database_name = %(database_name_1)s 
 LIMIT %(param_1)s
2024-09-14 14:41:15 - sqlalchemy.engine.Engine - INFO - [generated in 0.00045s] {'hostname_1': '192.168.110.131', 'port_1': '3306', 'username_1': 'root', 'password_1': 'snowball950123', 'database_name_1': 'mategen', 'param_1': 1}
2024-09-14 14:41:15 - sqlalchemy.engine.Engine - INFO - INSERT INTO db_configs (id, hostname, port, username, password, database_name, created_at) VALUES (%(id)s, %(hostname)s, %(port)s, %(username)s, %(password)s, %(database_name)s, now())
2024-09-14 14:41:15 - sqlalchemy.engine.Engine - INFO - [generated in 0.00019s] {'id': 'c23b041d-3b1e-4f70-91d1-089eeca53ce2', 'hostname': '192.168.110.131', 'port': '3306', 'username': 'root', 'password': 'snowball950123', 'database_name': 'mategen'}
2024-09-14 14:41:15 - sqlalchemy.engine.Engine - INFO - COMMIT
2024-09-14 14:41:15 - sqlalchemy.engine.Engine - INFO - BEGIN (implicit)
2024-09-14 14:41:15 - sqlalchemy.engine.Engine - INFO - SELECT db_configs.id AS db_configs_id, db_configs.hostname AS db_configs_hostname, db_configs.port AS db_configs_port, db_configs.username AS db_configs_username, db_configs.password AS db_configs_password, db_configs.database_name AS db_configs_database_name, db_configs.created_at AS db_configs_created_at 
FROM db_configs 
WHERE db_configs.id = %(pk_1)s
2024-09-14 14:41:15 - sqlalchemy.engine.Engine - INFO - [generated in 0.00016s] {'pk_1': 'c23b041d-3b1e-4f70-91d1-089eeca53ce2'}
2024-09-14 14:41:15 - sqlalchemy.engine.Engine - INFO - SELECT DATABASE()
2024-09-14 14:41:15 - sqlalchemy.engine.Engine - INFO - [raw sql] {}
2024-09-14 14:41:15 - sqlalchemy.engine.Engine - INFO - SELECT @@sql_mode
2024-09-14 14:41:15 - sqlalchemy.engine.Engine - INFO - [raw sql] {}
2024-09-14 14:41:15 - sqlalchemy.engine.Engine - INFO - SELECT @@lower_case_table_names
2024-09-14 14:41:15 - sqlalchemy.engine.Engine - INFO - [raw sql] {}
2024-09-14 14:41:15 - sqlalchemy.engine.Engine - INFO - BEGIN (implicit)
2024-09-14 14:41:15 - sqlalchemy.engine.Engine - INFO - SELECT db_configs.id AS db_configs_id, db_configs.database_name AS db_configs_database_name 
FROM db_configs ORDER BY db_configs.created_at DESC
2024-09-14 14:41:15 - sqlalchemy.engine.Engine - INFO - [generated in 0.00016s] {}
2024-09-14 14:41:15 - sqlalchemy.engine.Engine - INFO - ROLLBACK
2024-09-14 14:41:16 - sqlalchemy.engine.Engine - INFO - SELECT DATABASE()
2024-09-14 14:41:16 - sqlalchemy.engine.Engine - INFO - [raw sql] {}
2024-09-14 14:41:16 - sqlalchemy.engine.Engine - INFO - SELECT @@sql_mode
2024-09-14 14:41:16 - sqlalchemy.engine.Engine - INFO - [raw sql] {}
2024-09-14 14:41:16 - sqlalchemy.engine.Engine - INFO - SELECT @@lower_case_table_names
2024-09-14 14:41:16 - sqlalchemy.engine.Engine - INFO - [raw sql] {}
2024-09-14 14:41:16 - sqlalchemy.engine.Engine - INFO - BEGIN (implicit)
2024-09-14 14:41:16 - sqlalchemy.engine.Engine - INFO - SELECT db_configs.id AS db_configs_id, db_configs.hostname AS db_configs_hostname, db_configs.port AS db_configs_port, db_configs.username AS db_configs_username, db_configs.password AS db_configs_password, db_configs.database_name AS db_configs_database_name, db_configs.created_at AS db_configs_created_at 
FROM db_configs 
WHERE db_configs.id = %(id_1)s 
 LIMIT %(param_1)s
2024-09-14 14:41:16 - sqlalchemy.engine.Engine - INFO - [generated in 0.00011s] {'id_1': 'c23b041d-3b1e-4f70-91d1-089eeca53ce2', 'param_1': 1}
2024-09-14 14:41:21 - sqlalchemy.engine.Engine - INFO - SELECT DATABASE()
2024-09-14 14:41:21 - sqlalchemy.engine.Engine - INFO - [raw sql] {}
2024-09-14 14:41:21 - sqlalchemy.engine.Engine - INFO - SELECT @@sql_mode
2024-09-14 14:41:21 - sqlalchemy.engine.Engine - INFO - [raw sql] {}
2024-09-14 14:41:21 - sqlalchemy.engine.Engine - INFO - SELECT @@lower_case_table_names
2024-09-14 14:41:21 - sqlalchemy.engine.Engine - INFO - [raw sql] {}
2024-09-14 14:41:21 - sqlalchemy.engine.Engine - INFO - BEGIN (implicit)
2024-09-14 14:41:21 - sqlalchemy.engine.Engine - INFO - SELECT db_configs.id AS db_configs_id, db_configs.database_name AS db_configs_database_name 
FROM db_configs ORDER BY db_configs.created_at DESC
2024-09-14 14:41:21 - sqlalchemy.engine.Engine - INFO - [generated in 0.00009s] {}
2024-09-14 14:41:21 - sqlalchemy.engine.Engine - INFO - ROLLBACK
2024-09-14 14:41:27 - root - INFO - 正在初始化MateGen，请稍后...
2024-09-14 14:41:28 - httpx - INFO - HTTP Request: GET https://ai.devtool.tech/proxy/v1/models "HTTP/1.1 200 OK"
2024-09-14 14:41:28 - root - INFO - 成功连接服务器，API-KEY通过验证！
2024-09-14 14:41:29 - httpx - INFO - HTTP Request: GET https://ai.devtool.tech/proxy/v1/assistants/asst_683EV42cVy4JDJWgmFWykUqP "HTTP/1.1 200 OK"
2024-09-14 14:41:30 - httpx - INFO - HTTP Request: POST https://ai.devtool.tech/proxy/v1/assistants/asst_683EV42cVy4JDJWgmFWykUqP "HTTP/1.1 200 OK"
2024-09-14 14:41:30 - root - INFO - 已完成初始化，MateGen可随时调用！
2024-09-14 14:41:45 - httpx - INFO - HTTP Request: POST https://ai.devtool.tech/proxy/v1/threads/thread_JQNefBjcgrkp44ega9ha3Ddm/messages "HTTP/1.1 200 OK"
2024-09-14 14:41:46 - httpx - INFO - HTTP Request: POST https://ai.devtool.tech/proxy/v1/threads/thread_JQNefBjcgrkp44ega9ha3Ddm/runs "HTTP/1.1 200 OK"
2024-09-14 14:42:02 - root - INFO - 正在初始化MateGen，请稍后...
2024-09-14 14:42:04 - httpx - INFO - HTTP Request: GET https://ai.devtool.tech/proxy/v1/models "HTTP/1.1 200 OK"
2024-09-14 14:42:04 - root - INFO - 成功连接服务器，API-KEY通过验证！
2024-09-14 14:42:04 - httpx - INFO - HTTP Request: GET https://ai.devtool.tech/proxy/v1/assistants/asst_683EV42cVy4JDJWgmFWykUqP "HTTP/1.1 200 OK"
2024-09-14 14:42:05 - httpx - INFO - HTTP Request: POST https://ai.devtool.tech/proxy/v1/assistants/asst_683EV42cVy4JDJWgmFWykUqP "HTTP/1.1 200 OK"
2024-09-14 14:42:05 - root - INFO - 已完成初始化，MateGen可随时调用！
2024-09-14 14:42:18 - httpx - INFO - HTTP Request: POST https://ai.devtool.tech/proxy/v1/threads/thread_JQNefBjcgrkp44ega9ha3Ddm/messages "HTTP/1.1 200 OK"
2024-09-14 14:42:19 - httpx - INFO - HTTP Request: POST https://ai.devtool.tech/proxy/v1/threads/thread_JQNefBjcgrkp44ega9ha3Ddm/runs "HTTP/1.1 200 OK"
2024-09-14 14:42:36 - httpx - INFO - HTTP Request: POST https://ai.devtool.tech/proxy/v1/threads/thread_JQNefBjcgrkp44ega9ha3Ddm/messages "HTTP/1.1 200 OK"
2024-09-14 14:42:36 - httpx - INFO - HTTP Request: POST https://ai.devtool.tech/proxy/v1/threads/thread_JQNefBjcgrkp44ega9ha3Ddm/runs "HTTP/1.1 200 OK"
2024-09-14 14:42:41 - httpx - INFO - HTTP Request: POST https://ai.devtool.tech/proxy/v1/threads/thread_JQNefBjcgrkp44ega9ha3Ddm/runs/run_HEpYDjjDNuSJFcMJEkzo3p0h/submit_tool_outputs "HTTP/1.1 200 OK"
2024-09-14 14:42:46 - httpx - INFO - HTTP Request: GET https://ai.devtool.tech/proxy/v1/threads/thread_JQNefBjcgrkp44ega9ha3Ddm/messages "HTTP/1.1 200 OK"
2024-09-14 14:43:19 - httpx - INFO - HTTP Request: POST https://ai.devtool.tech/proxy/v1/threads/thread_JQNefBjcgrkp44ega9ha3Ddm/messages "HTTP/1.1 200 OK"
2024-09-14 14:43:19 - httpx - INFO - HTTP Request: POST https://ai.devtool.tech/proxy/v1/threads/thread_JQNefBjcgrkp44ega9ha3Ddm/runs "HTTP/1.1 200 OK"
2024-09-14 14:43:35 - sqlalchemy.engine.Engine - INFO - SELECT DATABASE()
2024-09-14 14:43:35 - sqlalchemy.engine.Engine - INFO - [raw sql] {}
2024-09-14 14:43:35 - sqlalchemy.engine.Engine - INFO - SELECT @@sql_mode
2024-09-14 14:43:35 - sqlalchemy.engine.Engine - INFO - [raw sql] {}
2024-09-14 14:43:35 - sqlalchemy.engine.Engine - INFO - SELECT @@lower_case_table_names
2024-09-14 14:43:35 - sqlalchemy.engine.Engine - INFO - [raw sql] {}
2024-09-14 14:43:35 - sqlalchemy.engine.Engine - INFO - BEGIN (implicit)
2024-09-14 14:43:35 - sqlalchemy.engine.Engine - INFO - SELECT db_configs.id AS db_configs_id, db_configs.database_name AS db_configs_database_name 
FROM db_configs ORDER BY db_configs.created_at DESC
2024-09-14 14:43:35 - sqlalchemy.engine.Engine - INFO - [generated in 0.00009s] {}
2024-09-14 14:43:35 - sqlalchemy.engine.Engine - INFO - ROLLBACK
2024-09-14 14:43:38 - sqlalchemy.engine.Engine - INFO - SELECT DATABASE()
2024-09-14 14:43:38 - sqlalchemy.engine.Engine - INFO - [raw sql] {}
2024-09-14 14:43:38 - sqlalchemy.engine.Engine - INFO - SELECT @@sql_mode
2024-09-14 14:43:38 - sqlalchemy.engine.Engine - INFO - [raw sql] {}
2024-09-14 14:43:38 - sqlalchemy.engine.Engine - INFO - SELECT @@lower_case_table_names
2024-09-14 14:43:38 - sqlalchemy.engine.Engine - INFO - [raw sql] {}
2024-09-14 14:43:38 - sqlalchemy.engine.Engine - INFO - BEGIN (implicit)
2024-09-14 14:43:38 - sqlalchemy.engine.Engine - INFO - SELECT db_configs.id AS db_configs_id, db_configs.hostname AS db_configs_hostname, db_configs.port AS db_configs_port, db_configs.username AS db_configs_username, db_configs.password AS db_configs_password, db_configs.database_name AS db_configs_database_name, db_configs.created_at AS db_configs_created_at 
FROM db_configs 
WHERE db_configs.id = %(id_1)s 
 LIMIT %(param_1)s
2024-09-14 14:43:38 - sqlalchemy.engine.Engine - INFO - [generated in 0.00013s] {'id_1': 'c23b041d-3b1e-4f70-91d1-089eeca53ce2', 'param_1': 1}
2024-09-14 14:43:38 - sqlalchemy.engine.Engine - INFO - DELETE FROM db_configs WHERE db_configs.id = %(id)s
2024-09-14 14:43:38 - sqlalchemy.engine.Engine - INFO - [generated in 0.00013s] {'id': 'c23b041d-3b1e-4f70-91d1-089eeca53ce2'}
2024-09-14 14:43:38 - sqlalchemy.engine.Engine - INFO - COMMIT
2024-09-14 14:43:39 - sqlalchemy.engine.Engine - INFO - SELECT DATABASE()
2024-09-14 14:43:39 - sqlalchemy.engine.Engine - INFO - [raw sql] {}
2024-09-14 14:43:39 - sqlalchemy.engine.Engine - INFO - SELECT @@sql_mode
2024-09-14 14:43:39 - sqlalchemy.engine.Engine - INFO - [raw sql] {}
2024-09-14 14:43:39 - sqlalchemy.engine.Engine - INFO - SELECT @@lower_case_table_names
2024-09-14 14:43:39 - sqlalchemy.engine.Engine - INFO - [raw sql] {}
2024-09-14 14:43:39 - sqlalchemy.engine.Engine - INFO - BEGIN (implicit)
2024-09-14 14:43:39 - sqlalchemy.engine.Engine - INFO - SELECT db_configs.id AS db_configs_id, db_configs.database_name AS db_configs_database_name 
FROM db_configs ORDER BY db_configs.created_at DESC
2024-09-14 14:43:39 - sqlalchemy.engine.Engine - INFO - [generated in 0.00010s] {}
2024-09-14 14:43:39 - sqlalchemy.engine.Engine - INFO - ROLLBACK
2024-09-14 14:43:45 - httpx - INFO - HTTP Request: DELETE https://ai.devtool.tech/proxy/v1/vector_stores/vs_Ep0X9jMnAAblT70Xdb29i48O "HTTP/1.1 200 OK"
2024-09-14 14:43:50 - sqlalchemy.engine.Engine - INFO - SELECT DATABASE()
2024-09-14 14:43:50 - sqlalchemy.engine.Engine - INFO - [raw sql] {}
2024-09-14 14:43:50 - sqlalchemy.engine.Engine - INFO - SELECT @@sql_mode
2024-09-14 14:43:50 - sqlalchemy.engine.Engine - INFO - [raw sql] {}
2024-09-14 14:43:50 - sqlalchemy.engine.Engine - INFO - SELECT @@lower_case_table_names
2024-09-14 14:43:50 - sqlalchemy.engine.Engine - INFO - [raw sql] {}
2024-09-14 14:43:50 - sqlalchemy.engine.Engine - INFO - BEGIN (implicit)
2024-09-14 14:43:50 - sqlalchemy.engine.Engine - INFO - SELECT db_configs.id AS db_configs_id, db_configs.database_name AS db_configs_database_name 
FROM db_configs ORDER BY db_configs.created_at DESC
2024-09-14 14:43:50 - sqlalchemy.engine.Engine - INFO - [generated in 0.00010s] {}
2024-09-14 14:43:50 - sqlalchemy.engine.Engine - INFO - ROLLBACK
